<?xml version="1.0" encoding="UTF-8"?>
<TestRun id="aa32000e-9f77-4c49-94b9-711a7181fc12" name="Karina@KARINA-PC 2011-01-08 20:31:18" runUser="Karina-PC\Karina" xmlns="http://microsoft.com/schemas/VisualStudio/TeamTest/2010">
  <TestSettings name="Local" id="7cfd8a5e-6f90-483e-897f-91d4db45673e">
    <Description>These are default test settings for a local test run.</Description>
    <Deployment enabled="false" runDeploymentRoot="Karina_KARINA-PC 2011-01-08 20_31_18">
      <DeploymentItem filename="C:\Users\Karina\Documents\VisualStudio2010\Projects\Folha_de_Ponto\Folha_de_Ponto.Dominio\bin\Debug\Folha_de_Ponto.Dominio.dll" />
    </Deployment>
    <Execution>
      <TestTypeSpecific />
      <AgentRule name="Execution Agents">
      </AgentRule>
    </Execution>
  </TestSettings>
  <Times creation="2011-01-08T20:31:18.0777961-02:00" queuing="2011-01-08T20:31:18.0933962-02:00" start="2011-01-08T20:31:18.2649965-02:00" finish="2011-01-08T20:31:19.2789983-02:00" />
  <ResultSummary outcome="Completed">
    <Counters total="1" executed="1" passed="1" error="0" failed="0" timeout="0" aborted="0" inconclusive="0" passedButRunAborted="0" notRunnable="0" notExecuted="0" disconnected="0" warning="0" completed="0" inProgress="0" pending="0" />
  </ResultSummary>
  <TestDefinitions>
    <UnitTest name="Telefone_do_Cliente_nao_Pode_ser_Vazio" storage="c:\users\karina\documents\visualstudio2010\projects\folha_de_ponto\folha_de_ponto.teste\bin\debug\folha_de_ponto.teste.dll" id="0f3bd5d9-5aa1-dbd5-6f2a-ac3681b16cd0">
      <Execution id="fc68a27d-a95e-4fa2-a22d-c6c008da3281" />
      <TestMethod codeBase="C:/Users/Karina/Documents/VisualStudio2010/Projects/Folha_de_Ponto/Folha_de_Ponto.Teste/bin/Debug/Folha_de_Ponto.Teste.DLL" adapterTypeName="Microsoft.VisualStudio.TestTools.TestTypes.Unit.UnitTestAdapter, Microsoft.VisualStudio.QualityTools.Tips.UnitTest.Adapter, Version=10.0.0.0, Culture=neutral, PublicKeyToken=b03f5f7f11d50a3a" className="Folha_de_Ponto.Teste.Dado_Um_Cliente, Folha_de_Ponto.Teste, Version=1.0.0.0, Culture=neutral, PublicKeyToken=null" name="Telefone_do_Cliente_nao_Pode_ser_Vazio" />
    </UnitTest>
  </TestDefinitions>
  <TestLists>
    <TestList name="Results Not in a List" id="8c84fa94-04c1-424b-9868-57a2d4851a1d" />
    <TestList name="All Loaded Results" id="19431567-8539-422a-85d7-44ee4e166bda" />
  </TestLists>
  <TestEntries>
    <TestEntry testId="0f3bd5d9-5aa1-dbd5-6f2a-ac3681b16cd0" executionId="fc68a27d-a95e-4fa2-a22d-c6c008da3281" testListId="8c84fa94-04c1-424b-9868-57a2d4851a1d" />
  </TestEntries>
  <Results>
    <UnitTestResult executionId="fc68a27d-a95e-4fa2-a22d-c6c008da3281" testId="0f3bd5d9-5aa1-dbd5-6f2a-ac3681b16cd0" testName="Telefone_do_Cliente_nao_Pode_ser_Vazio" computerName="KARINA-PC" duration="00:00:00.0256279" startTime="2011-01-08T20:31:18.6237971-02:00" endTime="2011-01-08T20:31:19.1385980-02:00" testType="13cdc9d9-ddb5-4fa4-a97d-d965ccfc6d4b" outcome="Passed" testListId="8c84fa94-04c1-424b-9868-57a2d4851a1d" relativeResultsDirectory="fc68a27d-a95e-4fa2-a22d-c6c008da3281">
    </UnitTestResult>
  </Results>
</TestRun>