<?xml version="1.0" encoding="UTF-8"?>
<TestRun id="85d26e79-f043-4b4b-b5ac-fa2886760925" name="Karina@KARINA-PC 2011-01-08 21:25:40" runUser="Karina-PC\Karina" xmlns="http://microsoft.com/schemas/VisualStudio/TeamTest/2010">
  <TestSettings name="Local" id="7cfd8a5e-6f90-483e-897f-91d4db45673e">
    <Description>These are default test settings for a local test run.</Description>
    <Deployment enabled="false" runDeploymentRoot="Karina_KARINA-PC 2011-01-08 21_25_40">
      <DeploymentItem filename="C:\Users\Karina\Documents\VisualStudio2010\Projects\Folha_de_Ponto\Folha_de_Ponto.Dominio\bin\Debug\Folha_de_Ponto.Dominio.dll" />
    </Deployment>
    <Execution>
      <TestTypeSpecific />
      <AgentRule name="Execution Agents">
      </AgentRule>
    </Execution>
  </TestSettings>
  <Times creation="2011-01-08T21:25:40.6898487-02:00" queuing="2011-01-08T21:25:40.7088498-02:00" start="2011-01-08T21:25:40.7858542-02:00" finish="2011-01-08T21:25:41.4700570-02:00" />
  <ResultSummary outcome="Completed">
    <Counters total="3" executed="3" passed="3" error="0" failed="0" timeout="0" aborted="0" inconclusive="0" passedButRunAborted="0" notRunnable="0" notExecuted="0" disconnected="0" warning="0" completed="0" inProgress="0" pending="0" />
  </ResultSummary>
  <TestDefinitions>
    <UnitTest name="nome_do_cliente_não_pode_ser_vazio" storage="c:\users\karina\documents\visualstudio2010\projects\folha_de_ponto\folha_de_ponto.teste\bin\debug\folha_de_ponto.teste.dll" id="272aedbe-ec3b-2d32-bbf8-2956aff68731">
      <Execution id="42b7b5f5-6100-4813-9a2a-7fe84c9438f8" />
      <TestMethod codeBase="C:/Users/Karina/Documents/VisualStudio2010/Projects/Folha_de_Ponto/Folha_de_Ponto.Teste/bin/Debug/Folha_de_Ponto.Teste.DLL" adapterTypeName="Microsoft.VisualStudio.TestTools.TestTypes.Unit.UnitTestAdapter, Microsoft.VisualStudio.QualityTools.Tips.UnitTest.Adapter, Version=10.0.0.0, Culture=neutral, PublicKeyToken=b03f5f7f11d50a3a" className="Folha_de_Ponto.Teste.Dado_Um_Cliente, Folha_de_Ponto.Teste, Version=1.0.0.0, Culture=neutral, PublicKeyToken=null" name="nome_do_cliente_não_pode_ser_vazio" />
    </UnitTest>
    <UnitTest name="posso_informar_telefone_do_cliente" storage="c:\users\karina\documents\visualstudio2010\projects\folha_de_ponto\folha_de_ponto.teste\bin\debug\folha_de_ponto.teste.dll" id="bda8e4f1-4479-b119-f77f-6c26cdf4f465">
      <Execution id="fac87d1a-b80b-441b-9261-ab9818bd5a7d" />
      <TestMethod codeBase="C:/Users/Karina/Documents/VisualStudio2010/Projects/Folha_de_Ponto/Folha_de_Ponto.Teste/bin/Debug/Folha_de_Ponto.Teste.DLL" adapterTypeName="Microsoft.VisualStudio.TestTools.TestTypes.Unit.UnitTestAdapter, Microsoft.VisualStudio.QualityTools.Tips.UnitTest.Adapter, Version=10.0.0.0, Culture=neutral, PublicKeyToken=b03f5f7f11d50a3a" className="Folha_de_Ponto.Teste.Dado_Um_Cliente, Folha_de_Ponto.Teste, Version=1.0.0.0, Culture=neutral, PublicKeyToken=null" name="posso_informar_telefone_do_cliente" />
    </UnitTest>
    <UnitTest name="não_pode_criar_cliente_sem_nome" storage="c:\users\karina\documents\visualstudio2010\projects\folha_de_ponto\folha_de_ponto.teste\bin\debug\folha_de_ponto.teste.dll" id="0dd8cff1-e7a1-1c38-9b1e-7393ab85a36a">
      <Execution id="07d58398-36aa-4d80-8d61-b74c69080401" />
      <TestMethod codeBase="C:/Users/Karina/Documents/VisualStudio2010/Projects/Folha_de_Ponto/Folha_de_Ponto.Teste/bin/Debug/Folha_de_Ponto.Teste.DLL" adapterTypeName="Microsoft.VisualStudio.TestTools.TestTypes.Unit.UnitTestAdapter, Microsoft.VisualStudio.QualityTools.Tips.UnitTest.Adapter, Version=10.0.0.0, Culture=neutral, PublicKeyToken=b03f5f7f11d50a3a" className="Folha_de_Ponto.Teste.Dado_Um_Cliente, Folha_de_Ponto.Teste, Version=1.0.0.0, Culture=neutral, PublicKeyToken=null" name="não_pode_criar_cliente_sem_nome" />
    </UnitTest>
  </TestDefinitions>
  <TestLists>
    <TestList name="Results Not in a List" id="8c84fa94-04c1-424b-9868-57a2d4851a1d" />
    <TestList name="All Loaded Results" id="19431567-8539-422a-85d7-44ee4e166bda" />
  </TestLists>
  <TestEntries>
    <TestEntry testId="0dd8cff1-e7a1-1c38-9b1e-7393ab85a36a" executionId="07d58398-36aa-4d80-8d61-b74c69080401" testListId="8c84fa94-04c1-424b-9868-57a2d4851a1d" />
    <TestEntry testId="272aedbe-ec3b-2d32-bbf8-2956aff68731" executionId="42b7b5f5-6100-4813-9a2a-7fe84c9438f8" testListId="8c84fa94-04c1-424b-9868-57a2d4851a1d" />
    <TestEntry testId="bda8e4f1-4479-b119-f77f-6c26cdf4f465" executionId="fac87d1a-b80b-441b-9261-ab9818bd5a7d" testListId="8c84fa94-04c1-424b-9868-57a2d4851a1d" />
  </TestEntries>
  <Results>
    <UnitTestResult executionId="07d58398-36aa-4d80-8d61-b74c69080401" testId="0dd8cff1-e7a1-1c38-9b1e-7393ab85a36a" testName="não_pode_criar_cliente_sem_nome" computerName="KARINA-PC" duration="00:00:00.0182033" startTime="2011-01-08T21:25:41.0176562-02:00" endTime="2011-01-08T21:25:41.4076569-02:00" testType="13cdc9d9-ddb5-4fa4-a97d-d965ccfc6d4b" outcome="Passed" testListId="8c84fa94-04c1-424b-9868-57a2d4851a1d" relativeResultsDirectory="07d58398-36aa-4d80-8d61-b74c69080401">
    </UnitTestResult>
    <UnitTestResult executionId="42b7b5f5-6100-4813-9a2a-7fe84c9438f8" testId="272aedbe-ec3b-2d32-bbf8-2956aff68731" testName="nome_do_cliente_não_pode_ser_vazio" computerName="KARINA-PC" duration="00:00:00.0030651" startTime="2011-01-08T21:25:41.4232570-02:00" endTime="2011-01-08T21:25:41.4232570-02:00" testType="13cdc9d9-ddb5-4fa4-a97d-d965ccfc6d4b" outcome="Passed" testListId="8c84fa94-04c1-424b-9868-57a2d4851a1d" relativeResultsDirectory="42b7b5f5-6100-4813-9a2a-7fe84c9438f8">
    </UnitTestResult>
    <UnitTestResult executionId="fac87d1a-b80b-441b-9261-ab9818bd5a7d" testId="bda8e4f1-4479-b119-f77f-6c26cdf4f465" testName="posso_informar_telefone_do_cliente" computerName="KARINA-PC" duration="00:00:00.0002631" startTime="2011-01-08T21:25:41.4388570-02:00" endTime="2011-01-08T21:25:41.4388570-02:00" testType="13cdc9d9-ddb5-4fa4-a97d-d965ccfc6d4b" outcome="Passed" testListId="8c84fa94-04c1-424b-9868-57a2d4851a1d" relativeResultsDirectory="fac87d1a-b80b-441b-9261-ab9818bd5a7d">
    </UnitTestResult>
  </Results>
</TestRun>