<?xml version="1.0" encoding="UTF-8"?>
<TestRun id="0b3ef245-d257-443b-8ad6-2e69cb643aeb" name="Tordek@TORDEK-PC 2011-01-07 22:05:12" runUser="Tordek-PC\Tordek" xmlns="http://microsoft.com/schemas/VisualStudio/TeamTest/2010">
  <TestSettings name="Local" id="7cfd8a5e-6f90-483e-897f-91d4db45673e">
    <Description>These are default test settings for a local test run.</Description>
    <Deployment enabled="false" runDeploymentRoot="Tordek_TORDEK-PC 2011-01-07 22_05_12">
      <DeploymentItem filename="c:\users\tordek\documents\visual studio 2010\Projects\Folha_de_Ponto\Folha_de_Ponto.Dominio\bin\Debug\Folha_de_Ponto.Dominio.dll" />
    </Deployment>
    <Execution>
      <TestTypeSpecific />
      <AgentRule name="Execution Agents">
      </AgentRule>
    </Execution>
  </TestSettings>
  <Times creation="2011-01-07T22:05:12.2533468-02:00" queuing="2011-01-07T22:05:13.4664162-02:00" start="2011-01-07T22:05:13.5444206-02:00" finish="2011-01-07T22:05:24.5870522-02:00" />
  <ResultSummary outcome="Error">
    <Counters total="2" executed="2" passed="1" error="0" failed="0" timeout="0" aborted="1" inconclusive="0" passedButRunAborted="0" notRunnable="0" notExecuted="0" disconnected="0" warning="0" completed="0" inProgress="0" pending="0" />
    <RunInfos>
      <RunInfo computerName="TORDEK-PC" outcome="Error" timestamp="2011-01-07T22:05:24.5800518-02:00">
        <Text>Test host process exited unexpectedly.</Text>
      </RunInfo>
    </RunInfos>
  </ResultSummary>
  <TestDefinitions>
    <UnitTest name="nome_do_cliente_não_pode_ser_vazio" storage="c:\users\tordek\documents\visual studio 2010\projects\folha_de_ponto\folha_de_ponto.teste\bin\debug\folha_de_ponto.teste.dll" id="272aedbe-ec3b-2d32-bbf8-2956aff68731">
      <Execution id="4cefd3f4-f27f-4ec6-8e20-59aec807bdf8" />
      <TestMethod codeBase="c:/users/tordek/documents/visual studio 2010/Projects/Folha_de_Ponto/Folha_de_Ponto.Teste/bin/Debug/Folha_de_Ponto.Teste.DLL" adapterTypeName="Microsoft.VisualStudio.TestTools.TestTypes.Unit.UnitTestAdapter, Microsoft.VisualStudio.QualityTools.Tips.UnitTest.Adapter, Version=10.0.0.0, Culture=neutral, PublicKeyToken=b03f5f7f11d50a3a" className="Folha_de_Ponto.Teste.Dado_Um_Cliente, Folha_de_Ponto.Teste, Version=1.0.0.0, Culture=neutral, PublicKeyToken=null" name="nome_do_cliente_não_pode_ser_vazio" />
    </UnitTest>
    <UnitTest name="não_pode_criar_cliente_sem_nome" storage="c:\users\tordek\documents\visual studio 2010\projects\folha_de_ponto\folha_de_ponto.teste\bin\debug\folha_de_ponto.teste.dll" id="0dd8cff1-e7a1-1c38-9b1e-7393ab85a36a">
      <Execution id="52d3a6a0-0d9f-4018-90bf-4f0d485cc489" />
      <TestMethod codeBase="c:/users/tordek/documents/visual studio 2010/Projects/Folha_de_Ponto/Folha_de_Ponto.Teste/bin/Debug/Folha_de_Ponto.Teste.DLL" adapterTypeName="Microsoft.VisualStudio.TestTools.TestTypes.Unit.UnitTestAdapter, Microsoft.VisualStudio.QualityTools.Tips.UnitTest.Adapter, Version=10.0.0.0, Culture=neutral, PublicKeyToken=b03f5f7f11d50a3a" className="Folha_de_Ponto.Teste.Dado_Um_Cliente, Folha_de_Ponto.Teste, Version=1.0.0.0, Culture=neutral, PublicKeyToken=null" name="não_pode_criar_cliente_sem_nome" />
    </UnitTest>
  </TestDefinitions>
  <TestLists>
    <TestList name="Results Not in a List" id="8c84fa94-04c1-424b-9868-57a2d4851a1d" />
    <TestList name="All Loaded Results" id="19431567-8539-422a-85d7-44ee4e166bda" />
  </TestLists>
  <TestEntries>
    <TestEntry testId="0dd8cff1-e7a1-1c38-9b1e-7393ab85a36a" executionId="52d3a6a0-0d9f-4018-90bf-4f0d485cc489" testListId="8c84fa94-04c1-424b-9868-57a2d4851a1d" />
    <TestEntry testId="272aedbe-ec3b-2d32-bbf8-2956aff68731" executionId="4cefd3f4-f27f-4ec6-8e20-59aec807bdf8" testListId="8c84fa94-04c1-424b-9868-57a2d4851a1d" />
  </TestEntries>
  <Results>
    <UnitTestResult executionId="52d3a6a0-0d9f-4018-90bf-4f0d485cc489" testId="0dd8cff1-e7a1-1c38-9b1e-7393ab85a36a" testName="não_pode_criar_cliente_sem_nome" computerName="TORDEK-PC" duration="00:00:00.0189220" startTime="2011-01-07T22:05:13.5904233-02:00" endTime="2011-01-07T22:05:15.2275169-02:00" testType="13cdc9d9-ddb5-4fa4-a97d-d965ccfc6d4b" outcome="Passed" testListId="8c84fa94-04c1-424b-9868-57a2d4851a1d" relativeResultsDirectory="52d3a6a0-0d9f-4018-90bf-4f0d485cc489">
    </UnitTestResult>
    <UnitTestResult executionId="4cefd3f4-f27f-4ec6-8e20-59aec807bdf8" testId="272aedbe-ec3b-2d32-bbf8-2956aff68731" testName="nome_do_cliente_não_pode_ser_vazio" computerName="TORDEK-PC" duration="00:00:09.3495347" startTime="2011-01-07T22:05:15.2375175-02:00" endTime="2011-01-07T22:05:24.5870522-02:00" testType="13cdc9d9-ddb5-4fa4-a97d-d965ccfc6d4b" outcome="Aborted" testListId="8c84fa94-04c1-424b-9868-57a2d4851a1d" relativeResultsDirectory="4cefd3f4-f27f-4ec6-8e20-59aec807bdf8">
    </UnitTestResult>
  </Results>
</TestRun>