<?xml version="1.0" encoding="UTF-8"?>
<TestRun id="03549fb9-e7fe-42fc-993a-14c9598784da" name="Tordek@TORDEK-PC 2011-01-09 10:43:19" runUser="Tordek-PC\Tordek" xmlns="http://microsoft.com/schemas/VisualStudio/TeamTest/2010">
  <TestSettings name="Local" id="7cfd8a5e-6f90-483e-897f-91d4db45673e">
    <Description>These are default test settings for a local test run.</Description>
    <Deployment enabled="false" runDeploymentRoot="Tordek_TORDEK-PC 2011-01-09 10_43_19">
      <DeploymentItem filename="c:\users\tordek\documents\visual studio 2010\Projects\Folha_de_Ponto\Folha_de_Ponto.Dominio\bin\Debug\Folha_de_Ponto.Dominio.dll" />
    </Deployment>
    <Execution>
      <TestTypeSpecific />
      <AgentRule name="Execution Agents">
      </AgentRule>
    </Execution>
  </TestSettings>
  <Times creation="2011-01-09T10:43:19.4234076-02:00" queuing="2011-01-09T10:43:22.1175616-02:00" start="2011-01-09T10:43:22.2505693-02:00" finish="2011-01-09T10:43:27.6428777-02:00" />
  <ResultSummary outcome="Completed">
    <Counters total="2" executed="2" passed="2" error="0" failed="0" timeout="0" aborted="0" inconclusive="0" passedButRunAborted="0" notRunnable="0" notExecuted="0" disconnected="0" warning="0" completed="0" inProgress="0" pending="0" />
  </ResultSummary>
  <TestDefinitions>
    <UnitTest name="nome_do_cliente_não_pode_ser_vazio" storage="c:\users\tordek\documents\visual studio 2010\projects\folha_de_ponto\folha_de_ponto.teste\bin\debug\folha_de_ponto.teste.dll" id="272aedbe-ec3b-2d32-bbf8-2956aff68731">
      <Execution id="e6dcac83-c90d-4c13-aff3-6806051c91a9" />
      <TestMethod codeBase="C:/Users/Tordek/documents/visual studio 2010/Projects/Folha_de_Ponto/Folha_de_Ponto.Teste/bin/Debug/Folha_de_Ponto.Teste.DLL" adapterTypeName="Microsoft.VisualStudio.TestTools.TestTypes.Unit.UnitTestAdapter, Microsoft.VisualStudio.QualityTools.Tips.UnitTest.Adapter, Version=10.0.0.0, Culture=neutral, PublicKeyToken=b03f5f7f11d50a3a" className="Folha_de_Ponto.Teste.Dado_Um_Cliente, Folha_de_Ponto.Teste, Version=1.0.0.0, Culture=neutral, PublicKeyToken=null" name="nome_do_cliente_não_pode_ser_vazio" />
    </UnitTest>
    <UnitTest name="não_pode_criar_cliente_sem_nome" storage="c:\users\tordek\documents\visual studio 2010\projects\folha_de_ponto\folha_de_ponto.teste\bin\debug\folha_de_ponto.teste.dll" id="0dd8cff1-e7a1-1c38-9b1e-7393ab85a36a">
      <Execution id="0d4ba038-3838-4e4c-a3fa-426b7ba3c9de" />
      <TestMethod codeBase="C:/Users/Tordek/documents/visual studio 2010/Projects/Folha_de_Ponto/Folha_de_Ponto.Teste/bin/Debug/Folha_de_Ponto.Teste.DLL" adapterTypeName="Microsoft.VisualStudio.TestTools.TestTypes.Unit.UnitTestAdapter, Microsoft.VisualStudio.QualityTools.Tips.UnitTest.Adapter, Version=10.0.0.0, Culture=neutral, PublicKeyToken=b03f5f7f11d50a3a" className="Folha_de_Ponto.Teste.Dado_Um_Cliente, Folha_de_Ponto.Teste, Version=1.0.0.0, Culture=neutral, PublicKeyToken=null" name="não_pode_criar_cliente_sem_nome" />
    </UnitTest>
  </TestDefinitions>
  <TestLists>
    <TestList name="Results Not in a List" id="8c84fa94-04c1-424b-9868-57a2d4851a1d" />
    <TestList name="All Loaded Results" id="19431567-8539-422a-85d7-44ee4e166bda" />
  </TestLists>
  <TestEntries>
    <TestEntry testId="0dd8cff1-e7a1-1c38-9b1e-7393ab85a36a" executionId="0d4ba038-3838-4e4c-a3fa-426b7ba3c9de" testListId="8c84fa94-04c1-424b-9868-57a2d4851a1d" />
    <TestEntry testId="272aedbe-ec3b-2d32-bbf8-2956aff68731" executionId="e6dcac83-c90d-4c13-aff3-6806051c91a9" testListId="8c84fa94-04c1-424b-9868-57a2d4851a1d" />
  </TestEntries>
  <Results>
    <UnitTestResult executionId="0d4ba038-3838-4e4c-a3fa-426b7ba3c9de" testId="0dd8cff1-e7a1-1c38-9b1e-7393ab85a36a" testName="não_pode_criar_cliente_sem_nome" computerName="TORDEK-PC" duration="00:00:00.0226876" startTime="2011-01-09T10:43:22.3565753-02:00" endTime="2011-01-09T10:43:24.3886916-02:00" testType="13cdc9d9-ddb5-4fa4-a97d-d965ccfc6d4b" outcome="Passed" testListId="8c84fa94-04c1-424b-9868-57a2d4851a1d" relativeResultsDirectory="0d4ba038-3838-4e4c-a3fa-426b7ba3c9de">
    </UnitTestResult>
    <UnitTestResult executionId="e6dcac83-c90d-4c13-aff3-6806051c91a9" testId="272aedbe-ec3b-2d32-bbf8-2956aff68731" testName="nome_do_cliente_não_pode_ser_vazio" computerName="TORDEK-PC" duration="00:00:03.0473339" startTime="2011-01-09T10:43:24.4996979-02:00" endTime="2011-01-09T10:43:27.5598729-02:00" testType="13cdc9d9-ddb5-4fa4-a97d-d965ccfc6d4b" outcome="Passed" testListId="8c84fa94-04c1-424b-9868-57a2d4851a1d" relativeResultsDirectory="e6dcac83-c90d-4c13-aff3-6806051c91a9">
    </UnitTestResult>
  </Results>
</TestRun>