<?xml version="1.0" encoding="UTF-8"?>
<TestRun id="5903469e-739e-40f3-ba7f-17f777561ffd" name="Tordek@TORDEK-PC 2011-01-07 21:31:50" runUser="Tordek-PC\Tordek" xmlns="http://microsoft.com/schemas/VisualStudio/TeamTest/2010">
  <TestSettings name="Local" id="7cfd8a5e-6f90-483e-897f-91d4db45673e">
    <Description>These are default test settings for a local test run.</Description>
    <Deployment enabled="false" runDeploymentRoot="Tordek_TORDEK-PC 2011-01-07 21_31_50">
      <DeploymentItem filename="c:\users\tordek\documents\visual studio 2010\Projects\Folha_de_Ponto\Folha_de_Ponto.Dominio\bin\Debug\Folha_de_Ponto.Dominio.dll" />
    </Deployment>
    <Execution>
      <TestTypeSpecific />
      <AgentRule name="Execution Agents">
      </AgentRule>
    </Execution>
  </TestSettings>
  <Times creation="2011-01-07T21:31:50.5398704-02:00" queuing="2011-01-07T21:31:52.0839587-02:00" start="2011-01-07T21:31:52.1719637-02:00" finish="2011-01-07T21:31:58.5183267-02:00" />
  <ResultSummary outcome="Error">
    <Counters total="1" executed="1" error="0" failed="0" timeout="0" aborted="1" inconclusive="0" passedButRunAborted="0" notRunnable="0" notExecuted="0" disconnected="0" warning="0" passed="0" completed="0" inProgress="0" pending="0" />
    <RunInfos>
      <RunInfo computerName="TORDEK-PC" outcome="Error" timestamp="2011-01-07T21:31:58.5153266-02:00">
        <Text>Test host process exited unexpectedly.</Text>
      </RunInfo>
    </RunInfos>
  </ResultSummary>
  <TestDefinitions>
    <UnitTest name="não_pode_criar_cliente_sem_nome" storage="c:\users\tordek\documents\visual studio 2010\projects\folha_de_ponto\folha_de_ponto.teste\bin\debug\folha_de_ponto.teste.dll" id="0dd8cff1-e7a1-1c38-9b1e-7393ab85a36a">
      <Execution id="a80800b6-84be-4780-80f5-84928a7ebbe1" />
      <TestMethod codeBase="c:/users/tordek/documents/visual studio 2010/Projects/Folha_de_Ponto/Folha_de_Ponto.Teste/bin/Debug/Folha_de_Ponto.Teste.DLL" adapterTypeName="Microsoft.VisualStudio.TestTools.TestTypes.Unit.UnitTestAdapter, Microsoft.VisualStudio.QualityTools.Tips.UnitTest.Adapter, Version=10.0.0.0, Culture=neutral, PublicKeyToken=b03f5f7f11d50a3a" className="Folha_de_Ponto.Teste.Dado_Um_Cliente, Folha_de_Ponto.Teste, Version=1.0.0.0, Culture=neutral, PublicKeyToken=null" name="não_pode_criar_cliente_sem_nome" />
    </UnitTest>
  </TestDefinitions>
  <TestLists>
    <TestList name="Results Not in a List" id="8c84fa94-04c1-424b-9868-57a2d4851a1d" />
    <TestList name="All Loaded Results" id="19431567-8539-422a-85d7-44ee4e166bda" />
  </TestLists>
  <TestEntries>
    <TestEntry testId="0dd8cff1-e7a1-1c38-9b1e-7393ab85a36a" executionId="a80800b6-84be-4780-80f5-84928a7ebbe1" testListId="8c84fa94-04c1-424b-9868-57a2d4851a1d" />
  </TestEntries>
  <Results>
    <UnitTestResult executionId="a80800b6-84be-4780-80f5-84928a7ebbe1" testId="0dd8cff1-e7a1-1c38-9b1e-7393ab85a36a" testName="não_pode_criar_cliente_sem_nome" computerName="TORDEK-PC" duration="00:00:06.3033605" startTime="2011-01-07T21:31:52.2149662-02:00" endTime="2011-01-07T21:31:58.5183267-02:00" testType="13cdc9d9-ddb5-4fa4-a97d-d965ccfc6d4b" outcome="Aborted" testListId="8c84fa94-04c1-424b-9868-57a2d4851a1d" relativeResultsDirectory="a80800b6-84be-4780-80f5-84928a7ebbe1">
    </UnitTestResult>
  </Results>
</TestRun>