<?xml version="1.0" encoding="UTF-8"?>
<TestRun id="f26a1ece-b2af-46d8-80c4-90f44f820a45" name="Tordek@TORDEK-PC 2011-01-09 10:57:12" runUser="Tordek-PC\Tordek" xmlns="http://microsoft.com/schemas/VisualStudio/TeamTest/2010">
  <TestSettings name="Local" id="7cfd8a5e-6f90-483e-897f-91d4db45673e">
    <Description>These are default test settings for a local test run.</Description>
    <Deployment enabled="false" runDeploymentRoot="Tordek_TORDEK-PC 2011-01-09 10_57_12">
      <DeploymentItem filename="c:\users\tordek\documents\visual studio 2010\Projects\Folha_de_Ponto\Folha_de_Ponto.Dominio\bin\Debug\Folha_de_Ponto.Dominio.dll" />
    </Deployment>
    <Execution>
      <TestTypeSpecific />
      <AgentRule name="Execution Agents">
      </AgentRule>
    </Execution>
  </TestSettings>
  <Times creation="2011-01-09T10:57:12.8230753-02:00" queuing="2011-01-09T10:57:14.2161550-02:00" start="2011-01-09T10:57:14.3241611-02:00" finish="2011-01-09T10:57:32.7632158-02:00" />
  <ResultSummary outcome="Completed">
    <Counters total="2" executed="2" passed="2" error="0" failed="0" timeout="0" aborted="0" inconclusive="0" passedButRunAborted="0" notRunnable="0" notExecuted="0" disconnected="0" warning="0" completed="0" inProgress="0" pending="0" />
  </ResultSummary>
  <TestDefinitions>
    <UnitTest name="nome_do_cliente_não_pode_ser_vazio" storage="c:\users\tordek\documents\visual studio 2010\projects\folha_de_ponto\folha_de_ponto.teste\bin\debug\folha_de_ponto.teste.dll" id="272aedbe-ec3b-2d32-bbf8-2956aff68731">
      <Execution id="32de95af-daee-44e3-a6ad-8c382d2f1b11" />
      <TestMethod codeBase="C:/Users/Tordek/documents/visual studio 2010/Projects/Folha_de_Ponto/Folha_de_Ponto.Teste/bin/Debug/Folha_de_Ponto.Teste.DLL" adapterTypeName="Microsoft.VisualStudio.TestTools.TestTypes.Unit.UnitTestAdapter, Microsoft.VisualStudio.QualityTools.Tips.UnitTest.Adapter, Version=10.0.0.0, Culture=neutral, PublicKeyToken=b03f5f7f11d50a3a" className="Folha_de_Ponto.Teste.Dado_Um_Cliente, Folha_de_Ponto.Teste, Version=1.0.0.0, Culture=neutral, PublicKeyToken=null" name="nome_do_cliente_não_pode_ser_vazio" />
    </UnitTest>
    <UnitTest name="não_pode_criar_cliente_sem_nome" storage="c:\users\tordek\documents\visual studio 2010\projects\folha_de_ponto\folha_de_ponto.teste\bin\debug\folha_de_ponto.teste.dll" id="0dd8cff1-e7a1-1c38-9b1e-7393ab85a36a">
      <Execution id="85ec9f23-a635-416b-8424-f6c91dcb64f0" />
      <TestMethod codeBase="C:/Users/Tordek/documents/visual studio 2010/Projects/Folha_de_Ponto/Folha_de_Ponto.Teste/bin/Debug/Folha_de_Ponto.Teste.DLL" adapterTypeName="Microsoft.VisualStudio.TestTools.TestTypes.Unit.UnitTestAdapter, Microsoft.VisualStudio.QualityTools.Tips.UnitTest.Adapter, Version=10.0.0.0, Culture=neutral, PublicKeyToken=b03f5f7f11d50a3a" className="Folha_de_Ponto.Teste.Dado_Um_Cliente, Folha_de_Ponto.Teste, Version=1.0.0.0, Culture=neutral, PublicKeyToken=null" name="não_pode_criar_cliente_sem_nome" />
    </UnitTest>
  </TestDefinitions>
  <TestLists>
    <TestList name="Results Not in a List" id="8c84fa94-04c1-424b-9868-57a2d4851a1d" />
    <TestList name="All Loaded Results" id="19431567-8539-422a-85d7-44ee4e166bda" />
  </TestLists>
  <TestEntries>
    <TestEntry testId="0dd8cff1-e7a1-1c38-9b1e-7393ab85a36a" executionId="85ec9f23-a635-416b-8424-f6c91dcb64f0" testListId="8c84fa94-04c1-424b-9868-57a2d4851a1d" />
    <TestEntry testId="272aedbe-ec3b-2d32-bbf8-2956aff68731" executionId="32de95af-daee-44e3-a6ad-8c382d2f1b11" testListId="8c84fa94-04c1-424b-9868-57a2d4851a1d" />
  </TestEntries>
  <Results>
    <UnitTestResult executionId="85ec9f23-a635-416b-8424-f6c91dcb64f0" testId="0dd8cff1-e7a1-1c38-9b1e-7393ab85a36a" testName="não_pode_criar_cliente_sem_nome" computerName="TORDEK-PC" duration="00:00:00.0218596" startTime="2011-01-09T10:57:14.3741640-02:00" endTime="2011-01-09T10:57:16.2162694-02:00" testType="13cdc9d9-ddb5-4fa4-a97d-d965ccfc6d4b" outcome="Passed" testListId="8c84fa94-04c1-424b-9868-57a2d4851a1d" relativeResultsDirectory="85ec9f23-a635-416b-8424-f6c91dcb64f0">
    </UnitTestResult>
    <UnitTestResult executionId="32de95af-daee-44e3-a6ad-8c382d2f1b11" testId="272aedbe-ec3b-2d32-bbf8-2956aff68731" testName="nome_do_cliente_não_pode_ser_vazio" computerName="TORDEK-PC" duration="00:00:16.3819760" startTime="2011-01-09T10:57:16.2312702-02:00" endTime="2011-01-09T10:57:32.6272080-02:00" testType="13cdc9d9-ddb5-4fa4-a97d-d965ccfc6d4b" outcome="Passed" testListId="8c84fa94-04c1-424b-9868-57a2d4851a1d" relativeResultsDirectory="32de95af-daee-44e3-a6ad-8c382d2f1b11">
    </UnitTestResult>
  </Results>
</TestRun>